[17:46:07] [main/INFO]: Loading Minecraft 1.21.1 with Fabric Loader 0.18.2
[17:46:07] [main/INFO]: Fabric is preparing JARs on first launch, this may take a few seconds...
[17:46:07] [main/INFO]: Loading 4 mods:
	- fabricloader 0.18.2
	   \-- mixinextras 0.5.0
	- java 21
	- minecraft 1.21.1
[17:46:07] [main/INFO]: SpongePowered MIXIN Subsystem Version=0.8.7 Source=file:/workspaces/Trabajo-B/servidor_minecraft/libraries/net/fabricmc/sponge-mixin/0.16.5+mixin.0.8.7/sponge-mixin-0.16.5+mixin.0.8.7.jar Service=Knot/Fabric Env=SERVER
[17:46:13] [main/INFO]: Environment: Environment[sessionHost=https://sessionserver.mojang.com, servicesHost=https://api.minecraftservices.com, name=PROD]
[17:46:13] [main/INFO]: No existing world data, creating new world
[17:46:14] [main/INFO]: Loaded 1290 recipes
[17:46:14] [main/INFO]: Loaded 1399 advancements
[17:46:14] [Server thread/INFO]: Starting minecraft server version 1.21.1
[17:46:14] [Server thread/INFO]: Loading properties
[17:46:14] [Server thread/INFO]: Default game type: SURVIVAL
[17:46:14] [Server thread/INFO]: Generating keypair
[17:46:15] [Server thread/INFO]: Starting Minecraft server on *:25565
[17:46:15] [Server thread/INFO]: Using epoll channel type
[17:46:15] [Server thread/WARN]: **** SERVER IS RUNNING IN OFFLINE/INSECURE MODE!
[17:46:15] [Server thread/WARN]: The server will make no attempt to authenticate usernames. Beware.
[17:46:15] [Server thread/WARN]: While this makes the game possible to play without internet access, it also opens up the ability for hackers to connect with any username they choose.
[17:46:15] [Server thread/WARN]: To change this, set "online-mode" to "true" in the server.properties file.
[17:46:15] [Server thread/INFO]: Preparing level "world"
[17:46:22] [Server thread/INFO]: Preparing start region for dimension minecraft:overworld
[17:46:22] [Worker-Main-2/INFO]: Preparing spawn area: 2%
[17:46:22] [Worker-Main-1/INFO]: Preparing spawn area: 2%
[17:46:23] [Worker-Main-1/INFO]: Preparing spawn area: 2%
[17:46:23] [Worker-Main-2/INFO]: Preparing spawn area: 2%
[17:46:24] [Worker-Main-2/INFO]: Preparing spawn area: 10%
[17:46:24] [Worker-Main-2/INFO]: Preparing spawn area: 18%
[17:46:25] [Worker-Main-1/INFO]: Preparing spawn area: 18%
[17:46:25] [Worker-Main-3/INFO]: Preparing spawn area: 44%
[17:46:26] [Worker-Main-3/INFO]: Preparing spawn area: 51%
[17:46:26] [Worker-Main-2/INFO]: Preparing spawn area: 51%
[17:46:27] [Worker-Main-1/INFO]: Preparing spawn area: 53%
[17:46:27] [Server thread/INFO]: Time elapsed: 5227 ms
[17:46:27] [Server thread/INFO]: Done (12.481s)! For help, type "help"
[17:47:44] [Server thread/INFO]: Stopping the server
[17:47:44] [Server thread/INFO]: Stopping server
[17:47:44] [Server thread/INFO]: Saving players
[17:47:44] [Server thread/INFO]: Saving worlds
[17:47:45] [Server thread/INFO]: Saving chunks for level 'ServerLevel[world]'/minecraft:overworld
[17:47:46] [Server thread/INFO]: Saving chunks for level 'ServerLevel[world]'/minecraft:the_nether
[17:47:46] [Server thread/INFO]: Saving chunks for level 'ServerLevel[world]'/minecraft:the_end
[17:47:46] [Server thread/INFO]: ThreadedAnvilChunkStorage (world): All chunks are saved
[17:47:46] [Server thread/INFO]: ThreadedAnvilChunkStorage (DIM-1): All chunks are saved
[17:47:46] [Server thread/INFO]: ThreadedAnvilChunkStorage (DIM1): All chunks are saved
[17:47:46] [Server thread/INFO]: ThreadedAnvilChunkStorage: All dimensions are saved
